Release 14.5 Map P.58f (nt64)
Xilinx Mapping Report File for Design 'practical'

Design Information
------------------
Command Line   : map -intstyle ise -p xc6slx45-fgg676-2 -w -logic_opt off -ol
high -t 1 -xt 0 -register_duplication off -r 4 -global_opt off -mt off -ir off
-pr off -lc off -power off -o practical_map.ncd practical.ngd practical.pcf 
Target Device  : xc6slx45
Target Package : fgg676
Target Speed   : -2
Mapper Version : spartan6 -- $Revision: 1.55 $
Mapped Date    : Wed Jul 14 02:07:37 2021

Design Summary
--------------
Number of errors:      0
Number of warnings:    2
Slice Logic Utilization:
  Number of Slice Registers:                 3,818 out of  54,576    6%
    Number used as Flip Flops:               3,683
    Number used as Latches:                    134
    Number used as Latch-thrus:                  0
    Number used as AND/OR logics:                1
  Number of Slice LUTs:                      8,246 out of  27,288   30%
    Number used as logic:                    8,111 out of  27,288   29%
      Number using O6 output only:           7,732
      Number using O5 output only:              95
      Number using O5 and O6:                  284
      Number used as ROM:                        0
    Number used as Memory:                     128 out of   6,408    1%
      Number used as Dual Port RAM:            128
        Number using O6 output only:           128
        Number using O5 output only:             0
        Number using O5 and O6:                  0
      Number used as Single Port RAM:            0
      Number used as Shift Register:             0
    Number used exclusively as route-thrus:      7
      Number with same-slice register load:      4
      Number with same-slice carry load:         3
      Number with other load:                    0

Slice Logic Distribution:
  Number of occupied Slices:                 2,593 out of   6,822   38%
  Number of MUXCYs used:                       288 out of  13,644    2%
  Number of LUT Flip Flop pairs used:        8,402
    Number with an unused Flip Flop:         4,635 out of   8,402   55%
    Number with an unused LUT:                 156 out of   8,402    1%
    Number of fully used LUT-FF pairs:       3,611 out of   8,402   42%
    Number of unique control sets:             278
    Number of slice register sites lost
      to control set restrictions:              63 out of  54,576    1%

  A LUT Flip Flop pair for this architecture represents one LUT paired with
  one Flip Flop within a slice.  A control set is a unique combination of
  clock, reset, set, and enable signals for a registered element.
  The Slice Logic Distribution report is not meaningful if the design is
  over-mapped for a non-slice resource or if Placement fails.

IO Utilization:
  Number of bonded IOBs:                        72 out of     358   20%
    Number of LOCed IOBs:                       72 out of      72  100%

Specific Feature Utilization:
  Number of RAMB16BWERs:                         0 out of     116    0%
  Number of RAMB8BWERs:                          0 out of     232    0%
  Number of BUFIO2/BUFIO2_2CLKs:                 0 out of      32    0%
  Number of BUFIO2FB/BUFIO2FB_2CLKs:             0 out of      32    0%
  Number of BUFG/BUFGMUXs:                       6 out of      16   37%
    Number used as BUFGs:                        6
    Number used as BUFGMUX:                      0
  Number of DCM/DCM_CLKGENs:                     0 out of       8    0%
  Number of ILOGIC2/ISERDES2s:                   0 out of     376    0%
  Number of IODELAY2/IODRP2/IODRP2_MCBs:         0 out of     376    0%
  Number of OLOGIC2/OSERDES2s:                   0 out of     376    0%
  Number of BSCANs:                              0 out of       4    0%
  Number of BUFHs:                               0 out of     256    0%
  Number of BUFPLLs:                             0 out of       8    0%
  Number of BUFPLL_MCBs:                         0 out of       4    0%
  Number of DSP48A1s:                            0 out of      58    0%
  Number of ICAPs:                               0 out of       1    0%
  Number of MCBs:                                0 out of       2    0%
  Number of PCILOGICSEs:                         0 out of       2    0%
  Number of PLL_ADVs:                            0 out of       4    0%
  Number of PMVs:                                0 out of       1    0%
  Number of STARTUPs:                            0 out of       1    0%
  Number of SUSPEND_SYNCs:                       0 out of       1    0%

Average Fanout of Non-Clock Nets:                7.28

Peak Memory Usage:  4701 MB
Total REAL time to MAP completion:  23 secs 
Total CPU time to MAP completion:   23 secs 

Table of Contents
-----------------
Section 1 - Errors
Section 2 - Warnings
Section 3 - Informational
Section 4 - Removed Logic Summary
Section 5 - Removed Logic
Section 6 - IOB Properties
Section 7 - RPMs
Section 8 - Guide Report
Section 9 - Area Group and Partition Summary
Section 10 - Timing Report
Section 11 - Configuration String Information
Section 12 - Control Set Information
Section 13 - Utilization by Hierarchy

Section 1 - Errors
------------------

Section 2 - Warnings
--------------------
WARNING:PhysDesignRules:372 - Gated clock. Clock net
   sys/cpu/Mram_RegDst[1]_GND_3602_o_Mux_16_o is sourced by a combinatorial pin.
   This is not good design practice. Use the CE pin to control the loading of
   data into the flip-flop.
WARNING:PhysDesignRules:372 - Gated clock. Clock net
   sys/cpu/alu/ALUOp[2]_ALUOp[2]_OR_107_o is sourced by a combinatorial pin.
   This is not good design practice. Use the CE pin to control the loading of
   data into the flip-flop.

Section 3 - Informational
-------------------------
INFO:MapLib:562 - No environment variables are currently set.
INFO:LIT:244 - All of the single ended outputs in this design are using slew
   rate limited output drivers. The delay on speed critical single ended outputs
   can be dramatically reduced by designating them as fast outputs.
INFO:Pack:1716 - Initializing temperature to 85.000 Celsius. (default - Range:
   0.000 to 85.000 Celsius)
INFO:Pack:1720 - Initializing voltage to 1.140 Volts. (default - Range: 1.140 to
   1.260 Volts)
INFO:Map:215 - The Interim Design Summary has been generated in the MAP Report
   (.mrp).
INFO:Pack:1650 - Map created a placed design.

Section 4 - Removed Logic Summary
---------------------------------
   2 block(s) optimized away

Section 5 - Removed Logic
-------------------------

Optimized Block(s):
TYPE 		BLOCK
GND 		XST_GND
VCC 		XST_VCC

To enable printing of redundant blocks removed and signals merged, set the
detailed map report option and rerun map.

Section 6 - IOB Properties
--------------------------

+---------------------------------------------------------------------------------------------------------------------------------------------------------+
| IOB Name                           | Type             | Direction | IO Standard          | Diff  | Drive    | Slew | Reg (s)      | Resistor | IOB      |
|                                    |                  |           |                      | Term  | Strength | Rate |              |          | Delay    |
+---------------------------------------------------------------------------------------------------------------------------------------------------------+
| clk                                | IOB              | INPUT     | LVCMOS33             |       |          |      |              |          |          |
| digital_sel<0>                     | IOB              | OUTPUT    | LVCMOS33             |       | 12       | SLOW |              |          |          |
| digital_sel<1>                     | IOB              | OUTPUT    | LVCMOS33             |       | 12       | SLOW |              |          |          |
| digital_sel<2>                     | IOB              | OUTPUT    | LVCMOS33             |       | 12       | SLOW |              |          |          |
| digital_sel<3>                     | IOB              | OUTPUT    | LVCMOS33             |       | 12       | SLOW |              |          |          |
| digital_sel<4>                     | IOB              | OUTPUT    | LVCMOS33             |       | 12       | SLOW |              |          |          |
| digital_sel<5>                     | IOB              | OUTPUT    | LVCMOS33             |       | 12       | SLOW |              |          |          |
| digital_sel<6>                     | IOB              | OUTPUT    | LVCMOS33             |       | 12       | SLOW |              |          |          |
| digital_sel<7>                     | IOB              | OUTPUT    | LVCMOS33             |       | 12       | SLOW |              |          |          |
| digital_tubes2<0>                  | IOB              | OUTPUT    | LVCMOS33             |       | 12       | SLOW |              |          |          |
| digital_tubes2<1>                  | IOB              | OUTPUT    | LVCMOS33             |       | 12       | SLOW |              |          |          |
| digital_tubes2<2>                  | IOB              | OUTPUT    | LVCMOS33             |       | 12       | SLOW |              |          |          |
| digital_tubes2<3>                  | IOB              | OUTPUT    | LVCMOS33             |       | 12       | SLOW |              |          |          |
| digital_tubes2<4>                  | IOB              | OUTPUT    | LVCMOS33             |       | 12       | SLOW |              |          |          |
| digital_tubes2<5>                  | IOB              | OUTPUT    | LVCMOS33             |       | 12       | SLOW |              |          |          |
| digital_tubes2<6>                  | IOB              | OUTPUT    | LVCMOS33             |       | 12       | SLOW |              |          |          |
| digital_tubes<0>                   | IOB              | OUTPUT    | LVCMOS33             |       | 12       | SLOW |              |          |          |
| digital_tubes<1>                   | IOB              | OUTPUT    | LVCMOS33             |       | 12       | SLOW |              |          |          |
| digital_tubes<2>                   | IOB              | OUTPUT    | LVCMOS33             |       | 12       | SLOW |              |          |          |
| digital_tubes<3>                   | IOB              | OUTPUT    | LVCMOS33             |       | 12       | SLOW |              |          |          |
| digital_tubes<4>                   | IOB              | OUTPUT    | LVCMOS33             |       | 12       | SLOW |              |          |          |
| digital_tubes<5>                   | IOB              | OUTPUT    | LVCMOS33             |       | 12       | SLOW |              |          |          |
| digital_tubes<6>                   | IOB              | OUTPUT    | LVCMOS33             |       | 12       | SLOW |              |          |          |
| led<0>                             | IOB              | OUTPUT    | LVCMOS33             |       | 12       | SLOW |              |          |          |
| led<1>                             | IOB              | OUTPUT    | LVCMOS33             |       | 12       | SLOW |              |          |          |
| led<2>                             | IOB              | OUTPUT    | LVCMOS33             |       | 12       | SLOW |              |          |          |
| led<3>                             | IOB              | OUTPUT    | LVCMOS33             |       | 12       | SLOW |              |          |          |
| led<4>                             | IOB              | OUTPUT    | LVCMOS33             |       | 12       | SLOW |              |          |          |
| led<5>                             | IOB              | OUTPUT    | LVCMOS33             |       | 12       | SLOW |              |          |          |
| led<6>                             | IOB              | OUTPUT    | LVCMOS33             |       | 12       | SLOW |              |          |          |
| led<7>                             | IOB              | OUTPUT    | LVCMOS33             |       | 12       | SLOW |              |          |          |
| led<8>                             | IOB              | OUTPUT    | LVCMOS33             |       | 12       | SLOW |              |          |          |
| led<9>                             | IOB              | OUTPUT    | LVCMOS33             |       | 12       | SLOW |              |          |          |
| led<10>                            | IOB              | OUTPUT    | LVCMOS33             |       | 12       | SLOW |              |          |          |
| led<11>                            | IOB              | OUTPUT    | LVCMOS33             |       | 12       | SLOW |              |          |          |
| led<12>                            | IOB              | OUTPUT    | LVCMOS33             |       | 12       | SLOW |              |          |          |
| led<13>                            | IOB              | OUTPUT    | LVCMOS33             |       | 12       | SLOW |              |          |          |
| led<14>                            | IOB              | OUTPUT    | LVCMOS33             |       | 12       | SLOW |              |          |          |
| led<15>                            | IOB              | OUTPUT    | LVCMOS33             |       | 12       | SLOW |              |          |          |
| nReset                             | IOB              | INPUT     | LVCMOS33             |       |          |      |              |          |          |
| switches<0>                        | IOB              | INPUT     | LVCMOS33             |       |          |      |              |          |          |
| switches<1>                        | IOB              | INPUT     | LVCMOS33             |       |          |      |              |          |          |
| switches<2>                        | IOB              | INPUT     | LVCMOS33             |       |          |      |              |          |          |
| switches<3>                        | IOB              | INPUT     | LVCMOS33             |       |          |      |              |          |          |
| switches<4>                        | IOB              | INPUT     | LVCMOS33             |       |          |      |              |          |          |
| switches<5>                        | IOB              | INPUT     | LVCMOS33             |       |          |      |              |          |          |
| switches<6>                        | IOB              | INPUT     | LVCMOS33             |       |          |      |              |          |          |
| switches<7>                        | IOB              | INPUT     | LVCMOS33             |       |          |      |              |          |          |
| switches<8>                        | IOB              | INPUT     | LVCMOS33             |       |          |      |              |          |          |
| switches<9>                        | IOB              | INPUT     | LVCMOS33             |       |          |      |              |          |          |
| switches<10>                       | IOB              | INPUT     | LVCMOS33             |       |          |      |              |          |          |
| switches<11>                       | IOB              | INPUT     | LVCMOS33             |       |          |      |              |          |          |
| switches<12>                       | IOB              | INPUT     | LVCMOS33             |       |          |      |              |          |          |
| switches<13>                       | IOB              | INPUT     | LVCMOS33             |       |          |      |              |          |          |
| switches<14>                       | IOB              | INPUT     | LVCMOS33             |       |          |      |              |          |          |
| switches<15>                       | IOB              | INPUT     | LVCMOS33             |       |          |      |              |          |          |
| switches<16>                       | IOB              | INPUT     | LVCMOS33             |       |          |      |              |          |          |
| switches<17>                       | IOB              | INPUT     | LVCMOS33             |       |          |      |              |          |          |
| switches<18>                       | IOB              | INPUT     | LVCMOS33             |       |          |      |              |          |          |
| switches<19>                       | IOB              | INPUT     | LVCMOS33             |       |          |      |              |          |          |
| switches<20>                       | IOB              | INPUT     | LVCMOS33             |       |          |      |              |          |          |
| switches<21>                       | IOB              | INPUT     | LVCMOS33             |       |          |      |              |          |          |
| switches<22>                       | IOB              | INPUT     | LVCMOS33             |       |          |      |              |          |          |
| switches<23>                       | IOB              | INPUT     | LVCMOS33             |       |          |      |              |          |          |
| switches<24>                       | IOB              | INPUT     | LVCMOS33             |       |          |      |              |          |          |
| switches<25>                       | IOB              | INPUT     | LVCMOS33             |       |          |      |              |          |          |
| switches<26>                       | IOB              | INPUT     | LVCMOS33             |       |          |      |              |          |          |
| switches<27>                       | IOB              | INPUT     | LVCMOS33             |       |          |      |              |          |          |
| switches<28>                       | IOB              | INPUT     | LVCMOS33             |       |          |      |              |          |          |
| switches<29>                       | IOB              | INPUT     | LVCMOS33             |       |          |      |              |          |          |
| switches<30>                       | IOB              | INPUT     | LVCMOS33             |       |          |      |              |          |          |
| switches<31>                       | IOB              | INPUT     | LVCMOS33             |       |          |      |              |          |          |
+---------------------------------------------------------------------------------------------------------------------------------------------------------+

Section 7 - RPMs
----------------

Section 8 - Guide Report
------------------------
Guide not run on this design.

Section 9 - Area Group and Partition Summary
--------------------------------------------

Partition Implementation Status
-------------------------------

  No Partitions were found in this design.

-------------------------------

Area Group Information
----------------------

  No area groups were found in this design.

----------------------

Section 10 - Timing Report
--------------------------
A logic-level (pre-route) timing report can be generated by using Xilinx static
timing analysis tools, Timing Analyzer (GUI) or TRCE (command line), with the
mapped NCD and PCF files. Please note that this timing report will be generated
using estimated delay information. For accurate numbers, please generate a
timing report with the post Place and Route NCD file.

For more information about the Timing Analyzer, consult the Xilinx Timing
Analyzer Reference Manual; for more information about TRCE, consult the Xilinx
Command Line Tools User Guide "TRACE" chapter.

Section 11 - Configuration String Details
-----------------------------------------
Use the "-detail" map option to print out Configuration Strings

Section 12 - Control Set Information
------------------------------------
Use the "-detail" map option to print out Control Set Information.

Section 13 - Utilization by Hierarchy
-------------------------------------
Use the "-detail" map option to print out the Utilization by Hierarchy section.
